C:\Program Files\Microsoft Visual Studio\2022\Community\MSBuild\Microsoft\VC\v170\Microsoft.CppBuild.targets(514,5): warning MSB8028: The intermediate directory (Debug\) contains files shared from another project (Playing Card.vcxproj).  This can lead to incorrect clean and rebuild behavior.
  War.cpp
C:\Users\domin\OneDrive - UNCG\School\Classes\Spring 2022\CSC 339-01\C++ Playing Card Class\Playing Card\Playing Card\War.cpp(60,6): warning C4551: function call missing argument list
C:\Users\domin\OneDrive - UNCG\School\Classes\Spring 2022\CSC 339-01\C++ Playing Card Class\Playing Card\Playing Card\War.cpp(66,5): warning C4551: function call missing argument list
C:\Users\domin\OneDrive - UNCG\School\Classes\Spring 2022\CSC 339-01\C++ Playing Card Class\Playing Card\Playing Card\War.cpp(75,5): warning C4551: function call missing argument list
C:\Users\domin\OneDrive - UNCG\School\Classes\Spring 2022\CSC 339-01\C++ Playing Card Class\Playing Card\Playing Card\War.cpp(98,7): warning C4551: function call missing argument list
C:\Users\domin\OneDrive - UNCG\School\Classes\Spring 2022\CSC 339-01\C++ Playing Card Class\Playing Card\Playing Card\War.cpp(116,5): warning C4551: function call missing argument list
C:\Users\domin\OneDrive - UNCG\School\Classes\Spring 2022\CSC 339-01\C++ Playing Card Class\Playing Card\Playing Card\War.cpp(139,8): warning C4551: function call missing argument list
C:\Users\domin\OneDrive - UNCG\School\Classes\Spring 2022\CSC 339-01\C++ Playing Card Class\Playing Card\Playing Card\War.cpp(148,8): warning C4551: function call missing argument list
C:\Users\domin\OneDrive - UNCG\School\Classes\Spring 2022\CSC 339-01\C++ Playing Card Class\Playing Card\Playing Card\War.cpp(159,7): warning C4551: function call missing argument list
C:\Users\domin\OneDrive - UNCG\School\Classes\Spring 2022\CSC 339-01\C++ Playing Card Class\Playing Card\Playing Card\War.cpp(178,27): warning C4018: '<=': signed/unsigned mismatch
C:\Users\domin\OneDrive - UNCG\School\Classes\Spring 2022\CSC 339-01\C++ Playing Card Class\Playing Card\Playing Card\War.cpp(182,8): warning C4551: function call missing argument list
C:\Users\domin\OneDrive - UNCG\School\Classes\Spring 2022\CSC 339-01\C++ Playing Card Class\Playing Card\Playing Card\War.cpp(202,7): warning C4551: function call missing argument list
C:\Users\domin\OneDrive - UNCG\School\Classes\Spring 2022\CSC 339-01\C++ Playing Card Class\Playing Card\Playing Card\War.cpp(211,7): warning C4551: function call missing argument list
C:\Users\domin\OneDrive - UNCG\School\Classes\Spring 2022\CSC 339-01\C++ Playing Card Class\Playing Card\Playing Card\War.cpp(220,30): warning C4018: '<=': signed/unsigned mismatch
C:\Users\domin\OneDrive - UNCG\School\Classes\Spring 2022\CSC 339-01\C++ Playing Card Class\Playing Card\Playing Card\War.cpp(224,8): warning C4551: function call missing argument list
C:\Users\domin\OneDrive - UNCG\School\Classes\Spring 2022\CSC 339-01\C++ Playing Card Class\Playing Card\Playing Card\War.cpp(244,7): warning C4551: function call missing argument list
C:\Users\domin\OneDrive - UNCG\School\Classes\Spring 2022\CSC 339-01\C++ Playing Card Class\Playing Card\Playing Card\War.cpp(259,7): warning C4551: function call missing argument list
C:\Users\domin\OneDrive - UNCG\School\Classes\Spring 2022\CSC 339-01\C++ Playing Card Class\Playing Card\Playing Card\War.cpp(305,4): warning C4551: function call missing argument list
C:\Users\domin\OneDrive - UNCG\School\Classes\Spring 2022\CSC 339-01\C++ Playing Card Class\Playing Card\Playing Card\War.cpp(313,4): warning C4551: function call missing argument list
C:\Users\domin\OneDrive - UNCG\School\Classes\Spring 2022\CSC 339-01\C++ Playing Card Class\Playing Card\Playing Card\War.cpp(327,4): warning C4551: function call missing argument list
C:\Users\domin\OneDrive - UNCG\School\Classes\Spring 2022\CSC 339-01\C++ Playing Card Class\Playing Card\Playing Card\War.cpp(330,2): warning C4551: function call missing argument list
  Playing Card.vcxproj -> C:\Users\domin\OneDrive - UNCG\School\Classes\Spring 2022\CSC 339-01\C++ Playing Card Class\Playing Card\Debug\War Card Game.exe
