c:\users\domin\onedrive - uncg\school\classes\spring 2022\csc 339-01\c++ playing card class\playing card\playing card\debug\vc142.pdb
c:\users\domin\onedrive - uncg\school\classes\spring 2022\csc 339-01\c++ playing card class\playing card\playing card\debug\vc142.idb
c:\users\domin\onedrive - uncg\school\classes\spring 2022\csc 339-01\c++ playing card class\playing card\playing card\debug\war.obj
c:\users\domin\onedrive - uncg\school\classes\spring 2022\csc 339-01\c++ playing card class\playing card\playing card\debug\main.obj
c:\users\domin\onedrive - uncg\school\classes\spring 2022\csc 339-01\c++ playing card class\playing card\playing card\debug\deck.obj
c:\users\domin\onedrive - uncg\school\classes\spring 2022\csc 339-01\c++ playing card class\playing card\playing card\debug\card.obj
c:\users\domin\onedrive - uncg\school\classes\spring 2022\csc 339-01\c++ playing card class\playing card\debug\war card game.exe
c:\users\domin\onedrive - uncg\school\classes\spring 2022\csc 339-01\c++ playing card class\playing card\playing card\debug\war card game.ilk
c:\users\domin\onedrive - uncg\school\classes\spring 2022\csc 339-01\c++ playing card class\playing card\debug\war card game.pdb
c:\users\dominique\onedrive - uncg\school\classes\spring 2022\csc 339-01\c++ playing card class\playing card\playing card\debug\card.obj
c:\users\dominique\onedrive - uncg\school\classes\spring 2022\csc 339-01\c++ playing card class\playing card\playing card\debug\deck.obj
c:\users\dominique\onedrive - uncg\school\classes\spring 2022\csc 339-01\c++ playing card class\playing card\playing card\debug\main.obj
c:\users\dominique\onedrive - uncg\school\classes\spring 2022\csc 339-01\c++ playing card class\playing card\playing card\debug\war.obj
c:\users\dominique\onedrive - uncg\school\classes\spring 2022\csc 339-01\c++ playing card class\playing card\playing card\debug\war.obj.enc
c:\users\dominique\onedrive - uncg\school\classes\spring 2022\csc 339-01\c++ playing card class\playing card\playing card\debug\war card game.ilk
c:\users\dominique\onedrive - uncg\school\classes\spring 2022\csc 339-01\c++ playing card class\playing card\playing card\debug\vc142.idb
c:\users\dominique\onedrive - uncg\school\classes\spring 2022\csc 339-01\c++ playing card class\playing card\playing card\debug\vc142.pdb
c:\users\dominique\onedrive - uncg\school\classes\spring 2022\csc 339-01\c++ playing card class\playing card\debug\war card game.pdb
c:\users\dominique\onedrive - uncg\school\classes\spring 2022\csc 339-01\c++ playing card class\playing card\debug\war card game.exe
c:\users\dominique\onedrive - uncg\school\classes\spring 2022\csc 339-01\c++ playing card class\playing card\playing card\debug\war card game.tlog\cl.command.1.tlog
c:\users\dominique\onedrive - uncg\school\classes\spring 2022\csc 339-01\c++ playing card class\playing card\playing card\debug\war card game.tlog\cl.read.1.tlog
c:\users\dominique\onedrive - uncg\school\classes\spring 2022\csc 339-01\c++ playing card class\playing card\playing card\debug\war card game.tlog\cl.write.1.tlog
c:\users\dominique\onedrive - uncg\school\classes\spring 2022\csc 339-01\c++ playing card class\playing card\playing card\debug\war card game.tlog\link.command.1.tlog
c:\users\dominique\onedrive - uncg\school\classes\spring 2022\csc 339-01\c++ playing card class\playing card\playing card\debug\war card game.tlog\link.read.1.tlog
c:\users\dominique\onedrive - uncg\school\classes\spring 2022\csc 339-01\c++ playing card class\playing card\playing card\debug\war card game.tlog\link.write.1.tlog
